O B-fromloc.city_name O B-toloc.city_name B-round_trip I-round_trip O O O O O
O B-toloc.city_name O B-arrive_date.day_number B-arrive_date.month_name O O O O O
O O B-fromloc.city_name I-fromloc.city_name O B-toloc.city_name O B-stoploc.city_name O O O B-arrive_time.time I-arrive_time.time O O O
O B-fromloc.city_name O B-toloc.city_name I-toloc.city_name O O O O O O O O B-stoploc.city_name I-stoploc.city_name O O O O B-meal_description I-meal_description O
O O B-fromloc.city_name O B-depart_date.month_name B-depart_date.day_number O O B-toloc.city_name O O O
O B-fromloc.city_name O B-toloc.city_name O O O O
O O O B-airline_name I-airline_name O O O O O B-fromloc.city_name O B-toloc.city_name I-toloc.city_name O B-depart_time.period_of_day O O O
B-depart_date.day_name O O O B-fromloc.city_name O B-toloc.city_name I-toloc.city_name B-toloc.state_name O B-depart_time.time_relative I-depart_time.time_relative I-depart_time.time_relative O O
B-fromloc.city_name O B-toloc.city_name I-toloc.city_name O B-depart_time.period_of_day I-depart_time.period_of_day I-depart_time.period_of_day B-airline_name O
B-fromloc.city_name O B-toloc.city_name I-toloc.city_name O B-depart_time.period_of_day I-depart_time.period_of_day I-depart_time.period_of_day B-airline_name O
B-depart_date.date_relative I-depart_date.date_relative I-depart_date.date_relative O O B-fromloc.city_name O B-toloc.city_name I-toloc.city_name O B-toloc.city_name O O O O O
O B-airline_name I-airline_name B-fromloc.city_name O B-toloc.city_name I-toloc.city_name O O O
B-fromloc.city_name O B-toloc.city_name
O B-fromloc.city_name O B-toloc.city_name O B-class_type I-class_type O O
B-fromloc.city_name O B-toloc.city_name I-toloc.city_name O O O O B-depart_date.day_name O B-depart_date.day_number I-depart_date.day_number O O O
O O O B-fromloc.city_name O B-depart_date.day_number B-depart_date.month_name O B-depart_time.time_relative B-depart_time.time I-depart_time.time I-depart_time.time I-depart_time.time O O O B-toloc.city_name I-toloc.city_name O O
B-fromloc.airport_name I-fromloc.airport_name I-fromloc.airport_name I-fromloc.airport_name O O O O O O O O O
O B-fromloc.city_name O B-toloc.city_name O O B-flight_mod O O O O B-meal I-meal I-meal
B-fromloc.city_name O B-toloc.city_name I-toloc.city_name I-toloc.city_name O
O O O B-fromloc.city_name O B-toloc.city_name O O B-economy I-economy O O O O O
B-fromloc.city_name O O O O O O
B-fromloc.city_name O B-toloc.city_name O O O O O O
O B-fromloc.city_name O B-toloc.city_name O O B-airline_name I-airline_name O O O O B-depart_time.time_relative I-depart_time.time_relative I-depart_time.time_relative O O
O O O O O O O O B-fromloc.city_name O B-toloc.city_name I-toloc.city_name O B-airline_name I-airline_name O O O O O
O B-fromloc.city_name O B-toloc.city_name I-toloc.city_name O O O O O B-depart_date.date_relative B-depart_date.day_name O B-depart_time.period_of_day O B-depart_time.time_relative O O
O B-fromloc.city_name O B-toloc.city_name I-toloc.city_name O O O O O B-stoploc.city_name O O O
B-city_name O B-airline_name I-airline_name O O O O O
O B-fromloc.city_name O B-toloc.city_name O B-flight_mod I-flight_mod O O B-toloc.city_name O B-fromloc.city_name O B-flight_mod I-flight_mod I-flight_mod O O O B-depart_date.date_relative I-depart_date.date_relative O
O B-fromloc.city_name O B-toloc.city_name O O O O B-depart_date.day_name B-depart_time.period_of_day O B-depart_date.day_name O O
O B-fromloc.city_name O O O O O O O B-toloc.city_name O B-toloc.city_name O O O O O O
O B-fromloc.city_name O B-toloc.city_name O O O
B-fromloc.city_name O B-toloc.city_name I-toloc.city_name O O O O O
O B-fromloc.city_name I-fromloc.city_name O B-toloc.city_name O O B-flight_mod I-flight_mod O O O O B-meal_description O O O
O O O B-fromloc.city_name O B-depart_time.time I-depart_time.time O O O O O O B-toloc.city_name O O
B-toloc.city_name O O O O O O O
O B-fromloc.city_name O B-toloc.city_name O O O O B-depart_date.day_name O O
O B-fromloc.city_name O B-toloc.city_name O O B-airline_code O O O O
B-airline_name I-airline_name O B-fromloc.city_name I-fromloc.city_name O B-toloc.city_name O O O B-depart_time.period_of_day O O O
O B-fromloc.city_name I-fromloc.city_name O B-toloc.city_name O O O O O O B-depart_date.day_name O O
B-fromloc.city_name O B-toloc.city_name O O O O B-flight_mod I-flight_mod O O O
O O B-fromloc.city_name I-fromloc.city_name O B-toloc.city_name O O O O O B-depart_date.day_number O O O
O O O O O O B-fromloc.city_name O O O O O B-toloc.city_name I-toloc.city_name I-toloc.city_name O O O O O O B-stoploc.city_name O O O
O B-depart_date.today_relative O B-airline_name I-airline_name O B-fromloc.city_name I-fromloc.city_name O B-toloc.city_name O O B-flight_mod I-flight_mod O O
B-airline_name I-airline_name B-fromloc.city_name O B-toloc.city_name O
B-fromloc.city_name O B-toloc.city_name O B-depart_time.time O O O O O O O O B-depart_time.time_relative B-depart_time.time O O O O
O B-fromloc.city_name O B-toloc.city_name O O O O O O O
B-airline_name O O O B-stoploc.city_name O O O
B-fromloc.city_name O B-toloc.city_name O B-flight_mod I-flight_mod O O O O B-depart_date.day_number B-depart_date.month_name O O
O B-fromloc.city_name O B-toloc.city_name O O B-flight_stop O O
O B-airline_name I-airline_name O O O O O B-depart_date.day_number B-depart_date.month_name O B-fromloc.city_name O B-toloc.city_name O O
B-city_name O O O O O
B-airline_name I-airline_name I-airline_name O O O O O O O
B-fromloc.city_name O B-toloc.city_name B-toloc.state_code O O O O O B-depart_date.month_name B-depart_date.day_number O O
O B-fromloc.city_name I-fromloc.city_name O B-toloc.city_name B-depart_date.day_name O O O O B-toloc.city_name O B-fromloc.city_name I-fromloc.city_name B-depart_date.day_name O O O O O O
O O O O O B-airline_name O B-airline_name I-airline_name I-airline_name O O O O O O
B-city_name I-city_name O B-transport_type I-transport_type O O O
O O B-fromloc.city_name O B-toloc.airport_code O O B-airline_name B-flight_number O O B-meal O
O B-airline_name O O B-flight_number O B-fromloc.city_name I-fromloc.city_name O B-toloc.city_name I-toloc.city_name I-toloc.city_name O O O O
O B-fromloc.city_name O B-toloc.city_name O O B-meal I-meal O O
B-toloc.city_name I-toloc.city_name I-toloc.city_name O B-fromloc.city_name O O O O O O O O B-arrive_time.time_relative I-arrive_time.time_relative I-arrive_time.time_relative O
O O B-fromloc.city_name B-fromloc.state_name O B-toloc.city_name B-toloc.state_name O B-depart_date.day_name O O O O O O O O
B-fromloc.city_name O B-toloc.city_name I-toloc.city_name O B-depart_date.day_number B-depart_date.month_name O O O
B-restriction_code I-restriction_code O O
B-city_name O O
O B-airport_code B-city_name O
B-city_name O O O O
B-city_name O O O O
O O O O O B-city_name I-city_name O O O O
B-airline_name I-airline_name B-fromloc.city_name O O O O O B-class_type I-class_type O O O O
B-airline_name O O O O O O O O
B-fromloc.city_name O B-toloc.city_name I-toloc.city_name O B-return_flight I-return_flight O O O
B-city_name B-state_code O O O O O O O O
B-airline_name I-airline_name O O O O O O O O O
O B-fromloc.airport_code O O O O
B-city_name O O O O O O
B-fromloc.city_name O 20:B-depart_time.time I-depart_time.time O O O B-airline_name O O O O O O B-toloc.city_name I-toloc.city_name O O O
B-fromloc.city_name O B-toloc.city_name B-toloc.state_code O O B-flight_mod I-flight_mod O O O O O
O O O B-airline_name O B-airline_name I-airline_name O O O O
B-fromloc.city_name O B-toloc.city_name O O B-cost_relative I-cost_relative B-trip_type O O O O O
O B-fromloc.city_name I-fromloc.city_name O B-toloc.city_name O O B-cost_relative I-cost_relative B-class_type I-class_type I-class_type I-class_type I-class_type I-class_type I-class_type O B-depart_date.day_name B-depart_time.period_of_day B-depart_time.time I-depart_time.time O B-depart_time.time_relative O
B-city_name O B-transport_type I-transport_type O O O O
B-airline_name O O B-city_name O O O O
B-city_name I-city_name O B-airport_name O O B-transport_type O O O O
B-city_name I-city_name O B-airport_name O O O B-transport_type I-transport_type O O O O
B-fromloc.city_name O B-toloc.city_name O B-transport_type I-transport_type O O O O
B-fromloc.city_name O B-toloc.city_name O O O O O O O B-meal O
B-fromloc.city_name O B-toloc.city_name O O O O O O O O O O 17:B-depart_time.time I-depart_time.time O O O O O O
B-city_name O B-transport_type O O O O O
O B-city_name B-state_code O O O
O O O O
B-airport_name I-airport_name I-airport_name O B-transport_type I-transport_type I-transport_type O O O O
O O O B-meal O O
B-fromloc.city_name O B-toloc.city_name O O O O B-fare_amount I-fare_amount O O O O O O
B-fromloc.city_name O B-toloc.city_name O O B-depart_date.month_name B-depart_date.day_number O B-depart_date.day_number O O O
B-fromloc.city_name I-fromloc.city_name O B-toloc.city_name O O O O O O O O O B-stoploc.city_name O O O O
B-airport_name I-airport_name O B-transport_type O O O O O
B-fromloc.city_name I-fromloc.city_name O O O B-location_mod O O O O
B-fromloc.airport_name I-fromloc.airport_name O B-transport_type O O O O O O O O
O O O O
B-airport_name I-airport_name O O O O O O
O O B-cost_relative I-cost_relative O O
B-airport_name I-airport_name I-airport_name O O O
B-city_name O O O O
B-airport_name I-airport_name I-airport_name O O O
O O B-city_name O B-transport_type I-transport_type O O O O O O
O B-depart_date.day_name B-depart_date.month_name B-depart_date.day_number O B-fromloc.city_name I-fromloc.city_name O B-toloc.city_name O O O O
B-fromloc.city_name O B-toloc.city_name O O O O O O
B-fromloc.city_name I-fromloc.city_name O B-toloc.city_name O O O O O O
O B-fromloc.city_name O B-toloc.city_name O O O
B-airline_name O B-flight_number O B-fromloc.city_name O B-toloc.city_name O O O O O O O O
B-airline_name I-airline_name O O O O B-fromloc.city_name O B-toloc.city_name I-toloc.city_name O O O
O O O O O B-city_name I-city_name O O O O
B-airline_name I-airline_name B-fromloc.city_name O O O O O B-class_type I-class_type O O O O
B-city_name O B-transport_type O O O O
B-city_name O O O O O O O
B-city_name B-state_name O O O O O O
B-airline_code B-flight_number O O O O O O O 50:B-arrive_time.time I-arrive_time.time O B-toloc.city_name I-toloc.city_name O O
B-city_name O B-transport_type O O O O O
B-airport_name O B-transport_type O O O O O
B-airport_name I-airport_name O B-transport_type O O O O O
B-city_name I-city_name O B-transport_type O O O O O
B-city_name O O O B-transport_type O O O
B-flight_number I-flight_number O B-fromloc.city_name O B-toloc.city_name I-toloc.city_name O B-depart_date.day_name B-depart_time.period_of_day O O O B-meal O O
O O O O O O O O B-depart_date.day_name O B-depart_time.time I-depart_time.time O B-depart_time.time_relative B-fromloc.city_name O B-toloc.city_name I-toloc.city_name I-toloc.city_name O O
O B-state_name B-state_name O B-state_name O O O O O
B-state_name B-state_name O B-state_name O O O
B-state_name O O O
B-state_name O O O
B-state_name O O O O O
O O O O
O B-fromloc.city_name O B-toloc.city_name O O O O O O O
B-city_name I-city_name O O O
B-city_name I-city_name O O O
B-city_name O O O
O O O O
B-city_name O O O
B-city_name O O O
B-city_name O O O O
B-city_name O O O O
B-city_name O
B-fromloc.city_name O B-toloc.city_name O O O O O
B-fromloc.city_name O B-toloc.city_name O O O O O
B-airline_name I-airline_name O B-fromloc.city_name O B-toloc.city_name O O O O O
B-fromloc.city_name O B-toloc.city_name O O O O O
B-fromloc.city_name O B-toloc.city_name O O B-airline_name O O O O
B-fromloc.city_name O B-toloc.city_name O O B-airline_name O O O O
B-airline_name O O O O O O
O O O O O O O B-airline_name O O O
B-airline_name O O O O O O
O B-airline_name I-airline_name O O O O O O O
O B-airline_name I-airline_name O O B-meal O O O
B-airline_name I-airline_name O B-meal_description O O O
O B-city_name I-city_name O O O O O O
O B-city_name I-city_name I-city_name O O O O O O O
O O B-fromloc.city_name O B-toloc.city_name I-toloc.city_name O O O O O O O
B-toloc.airport_name I-toloc.airport_name I-toloc.airport_name O O O O O O O O
O B-city_name O B-city_name O O O O
B-city_name O O O
O O B-fromloc.city_name O B-toloc.city_name B-toloc.state_code O O O O O O O O O O O O
B-city_name O O O
O O B-fromloc.city_name I-fromloc.city_name O B-toloc.city_name O B-toloc.city_name O B-toloc.city_name O O O
O O O B-fromloc.city_name O B-toloc.city_name I-toloc.city_name O O O O O O O O O O
O O O B-fromloc.city_name O B-toloc.city_name O O O O O O
O B-city_name I-city_name O O O O O O
B-city_name O O O O O O
B-city_name O O O O O O O O O
B-city_name O O O O O O
B-city_name I-city_name I-city_name O O O O O O O
O O O O
O O O O O O B-mod I-mod O O O O O O
B-city_name O O O O O O O
B-city_name O O O
O O B-fromloc.city_name O B-toloc.city_name O O O O
O B-fromloc.airport_name I-fromloc.airport_name O B-toloc.city_name I-toloc.city_name O O O O O
B-city_name O O O O O O O
B-city_name O O O O O O O O O O
O B-city_name O O O O O O O
B-city_name O O O
O B-city_name B-state_code O O O O O
O B-fromloc.city_name I-fromloc.city_name O B-toloc.city_name O O O O O
O B-airport_name I-airport_name O B-transport_type O O O
O O B-city_name O B-transport_type I-transport_type O O O
O B-city_name I-city_name O B-transport_type I-transport_type O O O O
B-fromloc.city_name O O O O O O
B-toloc.city_name O B-toloc.city_name I-toloc.city_name O O O O O O
B-fromloc.city_name O B-toloc.city_name I-toloc.city_name O O O O O
O B-airport_name I-airport_name O O O O O O O O
O B-fromloc.city_name O B-toloc.city_name O O O O B-toloc.city_name I-toloc.city_name O O O O B-depart_date.day_name O
O B-airport_name I-airport_name O B-transport_type I-transport_type O O
O O O O B-class_type O O O
O B-city_name O O O O O O
B-fromloc.city_name O B-toloc.city_name I-toloc.city_name O O O O O O
O B-fromloc.airport_name I-fromloc.airport_name O B-toloc.city_name I-toloc.city_name O O O
O B-city_name O O O O O O O
B-city_name O O O O O O
O O B-fromloc.city_name O B-toloc.city_name I-toloc.city_name O O O O O O O O O O O O
B-city_name O O O O O O O
B-fromloc.city_name O B-toloc.city_name B-toloc.state_code O O O O O O
B-city_name I-city_name O O O O O O
O O B-fromloc.city_name I-fromloc.city_name O O O O O O O O O O
B-fromloc.city_name I-fromloc.city_name O B-stoploc.city_name O B-toloc.city_name I-toloc.city_name O O O O O O O
O O O
O O O O O B-fromloc.city_name O B-toloc.city_name I-toloc.city_name O O O
B-fromloc.city_name O B-toloc.city_name I-toloc.city_name O O O O O O O B-stoploc.city_name O O O O
O B-fromloc.city_name O B-toloc.city_name O O O O O O
B-city_name O O O O O O O O
B-airport_name I-airport_name O O O O O O O
O O O B-fromloc.city_name O B-toloc.city_name O O B-aircraft_code O O O O
O O O O O O O O
B-fromloc.city_name O B-toloc.city_name O O O O O B-stoploc.city_name O O O O O
O O O B-mod I-mod O B-fromloc.city_name O B-toloc.city_name O O O O B-arrive_date.day_number B-arrive_date.month_name O O
B-city_name I-city_name O O B-transport_type O O
B-toloc.airport_name I-toloc.airport_name I-toloc.airport_name O O O O O O O O O
O O O B-fromloc.city_name B-fromloc.state_code O B-fromloc.city_name O O O O O
B-fromloc.city_name O O O O B-fromloc.city_name O O O O
O O O
B-fromloc.airport_name I-fromloc.airport_name O B-toloc.city_name I-toloc.city_name O O O O O O
O B-fromloc.city_name I-fromloc.city_name O B-toloc.city_name O O O O O
B-city_name O O O O O O
O O O B-fromloc.city_name O B-toloc.city_name O O O O
O O O B-fromloc.city_name I-fromloc.city_name O B-toloc.city_name O O O O O
O O B-fromloc.city_name I-fromloc.city_name O B-toloc.airport_name I-toloc.airport_name O O O O
B-city_name O O O O O O O
B-city_name O O O O O O
O O O O O B-fromloc.city_name O B-toloc.city_name O O B-depart_time.period_of_day I-depart_time.period_of_day O O
O O O B-fromloc.city_name O B-toloc.city_name O B-toloc.city_name I-toloc.city_name O O O O
B-airport_name I-airport_name I-airport_name I-airport_name O O O O O O O O
B-city_name O O O O
B-fromloc.city_name O B-toloc.city_name I-toloc.city_name O O O O O O
B-fromloc.city_name O B-toloc.city_name I-toloc.city_name O O O O O O O
B-airport_name I-airport_name O B-city_name I-city_name O O O O O O
B-city_name O O O O O O
B-fromloc.city_name O B-toloc.city_name I-toloc.city_name O O O O O O
B-fromloc.city_name O B-toloc.city_name O O B-airline_code B-flight_number O O O O O
B-fromloc.airport_name O O B-toloc.city_name I-toloc.city_name O O O
B-city_name I-city_name O O O O
B-fromloc.city_name O B-toloc.city_name O O O O O O
B-city_name O O O O O O
B-airline_code O O O O
B-fromloc.city_name O B-toloc.city_name I-toloc.city_name O O O O O O O
O B-fromloc.city_name O B-toloc.city_name I-toloc.city_name O O O B-stoploc.city_name O O O O O
B-fromloc.airport_name I-fromloc.airport_name I-fromloc.airport_name O B-toloc.city_name I-toloc.city_name O O O O O
B-fromloc.city_name O B-toloc.city_name O O O O O
B-city_name O O O O O O
B-airline_code O O O O O
B-fromloc.city_name O B-toloc.city_name O O O O O
O O O B-city_name B-fromloc.state_code O B-toloc.city_name O O O O O O O O O O
B-fromloc.city_name O B-toloc.city_name I-toloc.city_name O O O O B-class_type O O O
B-fromloc.city_name O B-toloc.city_name O O O O O O O
O O O O O B-fromloc.city_name O B-toloc.city_name I-toloc.city_name O B-stoploc.city_name O O O O O O O
O B-city_name O B-transport_type I-transport_type O O O
O B-fromloc.city_name O B-toloc.city_name O O O O O
O B-city_name O O O O O O
B-airline_code O O O O O
O O O B-fromloc.city_name O B-toloc.city_name O 30:B-depart_time.time I-depart_time.time O B-depart_time.time_relative O O O O
B-fromloc.city_name O B-toloc.city_name I-toloc.city_name O O O O O
B-city_name I-city_name O O O
B-city_name O O O O O O O O O O O
B-city_name O O O O
B-city_name I-city_name O O O O O
O B-city_name O O O O O O O O O O O O
O B-fromloc.city_name O B-toloc.city_name B-toloc.city_name O B-toloc.city_name O B-toloc.city_name O B-fromloc.city_name O O O O O O O
O O B-fromloc.city_name O B-toloc.city_name I-toloc.city_name O O O O O B-stoploc.city_name O O O
B-city_name O O O
B-city_name I-city_name O O O O O O
O O B-city_name O O O O O O O O O O O
B-city_name O O O O
O B-fromloc.airport_name O B-toloc.city_name I-toloc.city_name O O O O O
B-city_name O O O O O O O
O B-city_name O O O O
B-fromloc.city_name O O O O O B-depart_date.month_name B-depart_date.day_number O B-depart_time.time O O O B-toloc.city_name I-toloc.city_name O 10:B-arrive_time.time I-arrive_time.time O O O O O O O
B-fromloc.city_name O B-toloc.city_name O O O O O O O
O B-city_name I-city_name O O O O O O O
O B-fromloc.city_name O B-toloc.city_name I-toloc.city_name O O O O O
B-fromloc.airport_name I-fromloc.airport_name I-fromloc.airport_name I-fromloc.airport_name O B-toloc.city_name I-toloc.city_name O O O O O O O O
O B-city_name O B-fromloc.airport_name I-fromloc.airport_name O B-toloc.city_name I-toloc.city_name O O O O O
B-city_name O O O O O O
O O O O O O O B-class_type I-class_type O O O
B-city_name I-city_name O O O
O B-city_name O O O O
O B-fromloc.city_name O B-toloc.city_name O O O O O O O O B-airline O O O,
B-fromloc.airport_name I-fromloc.airport_name O B-toloc.city_name O O B-transport_type I-transport_type O O O O
O B-city_name O O B-transport_type I-transport_type O O O O O O O O
B-city_name O B-transport_type I-transport_type O O O O O O
B-city_name O B-city_name O O O
B-city_name O B-transport_type I-transport_type O
O B-airport_name I-airport_name O B-transport_type O B-transport_type I-transport_type O O
O O O B-fromloc.city_name O B-toloc.city_name O O O O O
B-fromloc.airport_name I-fromloc.airport_name O B-toloc.city_name I-toloc.city_name O B-transport_type I-transport_type O O O
O B-city_name I-city_name O O B-transport_type O O O
O B-airport_name I-airport_name O B-city_name O B-transport_type I-transport_type O O
B-city_name O O B-transport_type I-transport_type O O
O B-airline_code O O O
O B-airline_code O O
B-city_name I-city_name O O O O
O O B-fromloc.city_name O B-toloc.city_name O O O O O
O O B-city_name O O O O
B-fromloc.city_name O O B-toloc.city_name O O B-transport_type I-transport_type O O
B-fromloc.city_name I-fromloc.city_name O B-toloc.city_name O O O O O
B-fromloc.city_name O B-toloc.city_name O O O O O O
B-city_name O B-transport_type I-transport_type O O
B-city_name O B-transport_type I-transport_type O O O O O O O
B-city_name O B-transport_type I-transport_type O O
O O O O O O O O B-class_type I-class_type O O
O O O O O B-class_type I-class_type O O
B-airport_name I-airport_name O O O O O O
O O O O O O O O B-class_type I-class_type O O
O O O O O B-class_type I-class_type O O
B-airport_name I-airport_name O O O O O O
B-city_name I-city_name O B-transport_type I-transport_type O O O O
B-city_name O O O O B-transport_type I-transport_type O O O O
B-toloc.city_name O O O O O O O O O
B-fromloc.city_name O O O O O O
B-city_name I-city_name O B-transport_type I-transport_type O O O O
O B-city_name O B-airport_name O B-city_name O O B-transport_type I-transport_type O O O O O O O
B-fromloc.airport_name I-fromloc.airport_name O B-toloc.city_name O O O O O O
O B-airline_name B-city_name O O O O O
O B-city_name O B-airport_name O B-city_name O O B-transport_type I-transport_type O O O
O O B-fromloc.city_name O B-toloc.city_name O O B-flight_stop B-depart_time.time_relative B-arrive_time.period_of_day O O O
B-fromloc.airport_name O B-toloc.city_name I-toloc.city_name O O B-transport_type I-transport_type O O O
B-fromloc.airport_name I-fromloc.airport_name O B-toloc.city_name O O
B-city_name O B-transport_type I-transport_type I-transport_type O
O B-city_name O O O O O O
O O O O B-fromloc.city_name I-fromloc.city_name O B-toloc.city_name O O O B-stoploc.city_name O O O
O O B-fromloc.city_name O B-toloc.city_name O O O O O
B-city_name O O O O B-transport_type I-transport_type O O
B-toloc.city_name O O O O O
B-city_name O O B-transport_type I-transport_type O O O
B-city_name O O B-transport_type I-transport_type O O
B-city_name O B-transport_type I-transport_type O O O
O B-city_name O O O O O O
O B-city_name O B-depart_date.month_name B-depart_date.day_number O O B-transport_type O
B-fromloc.airport_name I-fromloc.airport_name I-fromloc.airport_name O O O O O B-transport_type I-transport_type O O
O B-fromloc.airport_name I-fromloc.airport_name O B-toloc.city_name I-toloc.city_name O O B-transport_type I-transport_type O
O O O O B-fromloc.city_name O B-toloc.city_name I-toloc.city_name O O B-depart_date.day_name B-depart_date.day_number B-depart_date.month_name O O O O
B-city_name O O O O O O
B-depart_date.day_relative O O B-city_name O O O B-transport_type I-transport_type O O
O O B-fromloc.city_name O B-toloc.city_name O O
B-airport_name I-airport_name O O B-transport_type I-transport_type O O
O B-city_name O O B-transport_type I-transport_type O O O
B-toloc.city_name O O O O O O B-transport_type I-transport_type O O O
O O B-depart_date.day_name O B-fromloc.city_name I-fromloc.city_name O B-toloc.city_name O O
O B-city_name O B-transport_type I-transport_type O O O O O O
O O O O B-class_type I-class_type O O O
O O B-fromloc.city_name O B-toloc.city_name O O B-flight_stop B-depart_time.period_of_day O O O
O B-fromloc.city_name O B-toloc.city_name O O O O O O O B-stoploc.city_name O O O
B-city_name O O O O B-transport_type I-transport_type O O
B-fromloc.city_name B-fromloc.airport_name O B-toloc.city_name O O O O B-transport_type I-transport_type O O O O
B-city_name I-city_name B-state_name O O B-transport_type I-transport_type O O
B-city_name O B-transport_type I-transport_type O O
O B-city_name B-state_code O B-transport_type I-transport_type O
O B-abbreviation I-abbreviation O
B-city_name I-city_name O O B-transport_type I-transport_type
B-city_name O B-transport_type I-transport_type O O O O
O O O B-fromloc.airport_name I-fromloc.airport_name O B-toloc.city_name I-toloc.city_name O O B-transport_type I-transport_type O O O O O
B-fromloc.airport_code O B-toloc.city_name I-toloc.city_name I-toloc.city_name O O O O O O
O B-airport_name I-airport_name O O B-transport_type I-transport_type O O O O O O O O O
O B-fromloc.city_name O B-toloc.city_name O O O O O O O O
B-fromloc.city_name O B-toloc.city_name I-toloc.city_name O O O O O O
B-city_name O O B-transport_type I-transport_type O O
B-city_name O B-transport_type I-transport_type O O
O B-city_name O B-fromloc.airport_name O B-toloc.service_city O O B-transport_type I-transport_type O O
B-city_name O O O B-transport_type O O
O O O B-fromloc.airport_name I-fromloc.airport_name O B-toloc.city_name I-toloc.city_name O O O O O O O O O O
B-city_name I-city_name O O O B-transport_type O O
O B-fromloc.airport_name I-fromloc.airport_name I-fromloc.airport_name O O B-transport_type O O O O
B-fromloc.airport_name I-fromloc.airport_name O O O O O B-transport_type O O
O B-airline_code O O O O
B-fromloc.airport_name I-fromloc.airport_name I-fromloc.airport_name I-fromloc.airport_name O O O B-transport_type O O
B-city_name O O B-transport_type O O O O
O O B-city_name O O O O O B-transport_type O O
B-toloc.city_name O O B-transport_type
B-city_name O O B-transport_type O O O
B-airline_code O O O
O B-city_name I-city_name O O B-transport_type O
O B-fromloc.airport_name I-fromloc.airport_name O B-toloc.city_name I-toloc.city_name O O O B-transport_type O O
B-fromloc.city_name O B-toloc.city_name I-toloc.city_name O O O O O O B-stoploc.city_name O O O
B-city_name O O O O O B-transport_type O O
B-city_name O O B-transport_type O O O O
B-city_name O B-depart_date.date_relative O O B-transport_type O O
O O B-airline_code O O O O
O O O B-toloc.city_name I-toloc.city_name O O B-transport_type O O
O O O B-toloc.city_name I-toloc.city_name O O O O
B-city_name O O O B-transport_type O O
O B-city_name O O O B-transport_type O O O
O B-fromloc.city_name O O O O O O O O O
O O O O O O B-fromloc.city_name O B-toloc.city_name O B-toloc.city_name O O B-fromloc.city_name O O O
O B-city_name O O B-transport_type O O O
B-airport_name I-airport_name O O B-transport_type O
B-toloc.city_name I-toloc.city_name O O O O O O B-transport_type I-transport_type O O
B-city_name O O B-transport_type O
B-airport_name I-airport_name O O O O B-transport_type I-transport_type O O
B-city_name I-city_name O O O B-transport_type O
B-city_name O O O O O B-transport_type O O
O O O O B-transport_type O O
B-fromloc.city_name O B-toloc.city_name O O O O O O O
B-fromloc.city_name O B-toloc.city_name I-toloc.city_name O O O O O O O
B-fromloc.city_name I-fromloc.city_name O B-city_name O O O O O O O
O B-city_name O O O O O O O O O O O B-depart_time.period_of_day B-depart_time.time_relative O O
B-fromloc.city_name O B-toloc.city_name O O O O O
B-city_name B-state_code O O O O O
B-fromloc.city_name I-fromloc.city_name O B-toloc.city_name O O O O O B-flight_stop O O
B-city_name O O O O O O O O
B-fromloc.city_name I-fromloc.city_name I-fromloc.city_name O B-toloc.city_name I-toloc.city_name I-toloc.city_name O O O O
O B-city_name O B-city_name O B-duration I-duration O O O O O O O O O O O O O O O
B-fromloc.airport_name I-fromloc.airport_name O B-toloc.city_name O O O O O O O
B-city_name O B-day_name O O O O O
B-city_name O O O O O O O
O B-fromloc.city_name O B-toloc.city_name I-toloc.city_name O O B-cost_relative I-cost_relative B-round_trip I-round_trip O O O
O B-fromloc.city_name O B-toloc.city_name O O O O O O
O B-airport_name O O O O O O O O O
B-fromloc.city_name O B-toloc.city_name I-toloc.city_name O O O O O O
B-fromloc.city_name O B-toloc.city_name I-toloc.city_name O O O O O O O
B-airport_name I-airport_name O B-city_name I-city_name O O O O O O
B-fromloc.city_name I-fromloc.city_name O B-toloc.city_name I-toloc.city_name I-toloc.city_name O O O O O O
B-city_name O O O O O
B-city_name I-city_name O O O O O
B-fromloc.airport_name I-fromloc.airport_name O B-depart_date.month_name B-depart_date.day_number O O B-depart_date.day_number O O O O O O O O O O O
B-fromloc.city_name B-fromloc.state_code O B-toloc.city_name B-toloc.state_name O O O O O O O
B-fromloc.city_name O O O O O O O
B-fromloc.city_name O B-toloc.city_name I-toloc.city_name O O O O O O
B-fromloc.city_name O B-toloc.city_name B-toloc.city_name B-toloc.city_name O O O O O O O O
B-fromloc.city_name O B-toloc.city_name B-toloc.city_name O O O O O O O
O B-fromloc.city_name B-toloc.city_name O B-toloc.city_name I-toloc.city_name O O O O O O
O B-airline_code O O
O O B-city_name O B-date_time.day_name B-date_time.period_of_day O B-transport_type I-transport_type O
O B-city_name O B-date_time.period_of_day O O O O B-transport_type I-transport_type O
O O O O O B-fromloc.city_name O B-toloc.city_name O O B-toloc.city_name O B-toloc.city_name I-toloc.city_name O O O B-toloc.city_name I-toloc.city_name O B-fromloc.city_name O O O O O
O B-location I-location O O B-transport_type O O O O
O B-city O O B-transport_type O O O O
B-city O O B-transport_type I-transport_type O O
B-airline_code O O O
B-airline_code O O O
B-airport_name I-airport_name I-airport_name I-airport_name O B-city_name I-city_name O O O O O O
B-airport_name I-airport_name O B-city I-city O O O B-transport_type I-transport_type O O
B-airline_code O O O
B-airport_name I-airport_name O B-city I-city O O O B-transport_type I-transport_type O O
B-airport_code O B-city I-city O O O B-transport_type I-transport_type O O
B-airport_name I-airport_name O B-city_name I-city_name O O O O O O O
O B-city_name O O O O O
B-city_name O O O O O O O O
O B-city_name I-city_name O B-transport_type I-transport_type O O
O B-airport_name I-airport_name O B-transport_type I-transport_type O O
O B-airport_name I-airport_name O B-transport_type I-transport_type O O
O O O O O O O O O B-fromloc.city_name O B-toloc.city_name I-toloc.city_name I-toloc.city_name O O B-depart_date.day_name O B-depart_time.time I-depart_time.time O B-depart_time.time_relative O,
O B-airport_name I-airport_name I-airport_name I-airport_name O B-transport_type I-transport_type O O
O B-airport_name I-airport_name O B-transport_type I-transport_type O O
O B-depart_date.day_name O B-fromloc.city_name O B-toloc.city_name I-toloc.city_name I-toloc.city_name O O O O O O O O O O O O B-depart_time.time I-depart_time.time O B-depart_time.time_relative O,
O O B-fromloc.city_name O B-toloc.city_name I-toloc.city_name O O O O
O B-city_name O O B-transport_type O O O
B-airline_code O O O
B-airline_code O O O
B-airline_code O O O
B-city_name I-city_name O B-transport_type I-transport_type O O O
B-city_name I-city_name O O B-transport_type I-transport_type O O O
B-airline_code O O O
B-airline_code O O O
B-airline_code O O O
B-airline_code O O O
B-airline_code O O O
B-airline_code O O O
B-airline_code O O O
B-airline_code O O O
O B-city_name O B-transport_type I-transport_type O O O
O B-city_name I-city_name O B-transport_type I-transport_type O O O
B-airline_code O O O
B-airline_code O O O
B-airline_code O O O
B-airline_code O O O O O O O O
B-airline_code O O O
O O B-fromloc.city_name O B-toloc.city_name I-toloc.city_name I-toloc.city_name O O O
B-city_name O O O O O O O O
B-city_name O O O O O
B-city_name O O O O O O
B-city_name O O B-city_name O O O O O O O
B-toloc.city_name O O O O O O O
O B-airport_name I-airport_name O O O O O O O O O B-period_of_day 42:I-period_of_day I-period_of_day O
B-airport_name I-airport_name O B-city_name I-city_name I-city_name O O O O O O
O B-airport_code O B-city_name I-city_name I-city_name O O O O O
O B-airport_code O B-city_name I-city_name I-city_name O O O O O O
O B-airport_code O B-city_name I-city_name I-city_name O O O O O O
B-airport_name I-airport_name O O O O O O O
B-airline_code O O O
B-airport_name I-airport_name I-airport_name O O O O O O O O O
O B-airport_name I-airport_name O B-transport_type I-transport_type O O
O O O O O O B-fromloc.city_name O B-toloc.city_name B-toloc.city_name O B-toloc.city_name I-toloc.city_name O B-toloc.city_name I-toloc.city_name O B-fromloc.city_name O O O
B-depart_date.day_name O B-fromloc.city_name B-fromloc.state_name I-fromloc.state_name O B-toloc.city_name B-toloc.state_name O O O O O
B-fromloc.city_name B-fromloc.state_name O B-toloc.city_name I-toloc.city_name B-toloc.state_name O O B-depart_date.day_name O O O O
B-depart_date.day_name O B-fromloc.city_name I-fromloc.city_name B-fromloc.state_name O B-toloc.city_name I-toloc.city_name O O O O O
B-fromloc.city_name I-fromloc.city_name O B-toloc.city_name B-toloc.state_name I-toloc.state_name O O B-depart_date.day_name O O O O
B-fromloc.city_name O B-toloc.city_name O O O O O B-stoploc.city_name I-stoploc.city_name O O O
O B-depart_date.date_relative B-depart_date.day_name O B-fromloc.city_name O B-toloc.city_name O O B-depart_time.period_of_day O O O
B-fromloc.city_name O B-toloc.city_name I-toloc.city_name O O B-depart_date.day_name B-depart_time.period_of_day O O O O
B-fromloc.city_name I-fromloc.city_name O B-toloc.city_name O O B-depart_date.day_name B-depart_time.period_of_day O O O O
B-depart_date.day_name B-depart_time.period_of_day O B-fromloc.city_name I-fromloc.city_name O B-toloc.city_name O O O O O
O B-fromloc.city_name I-fromloc.city_name O B-toloc.airport_name I-toloc.airport_name O O O O O B-arrive_date.day_name O B-arrive_time.time I-arrive_time.time O B-arrive_time.time_relative O
O B-fromloc.city_name O B-toloc.airport_name I-toloc.airport_name O O O O O B-arrive_date.day_name O B-arrive_time.time I-arrive_time.time O B-arrive_time.time_relative O
O B-airline_name I-airline_name O O O O O B-fromloc.city_name O B-toloc.city_name O O O O O B-arrive_time.time_relative O
O B-fromloc.city_name O B-toloc.city_name O O O O O B-stoploc.city_name I-stoploc.city_name O O O O
B-fromloc.city_name O B-toloc.city_name I-toloc.city_name B-toloc.state_name O O O O O O O O O B-depart_time.time I-depart_time.time O B-depart_time.time_relative O O
B-fromloc.city_name I-fromloc.city_name O B-toloc.city_name B-toloc.state_name O O O B-flight_stop O O O O
B-fromloc.city_name O B-toloc.city_name O O O B-flight_stop O O O O
B-fromloc.city_name O B-toloc.city_name O O O O O O O O B-depart_date.day_name O O O
B-fromloc.city_name O B-toloc.city_name O O B-airline_name O O O O O O
B-fromloc.city_name O B-toloc.city_name O O O O O B-stoploc.city_name O O O
B-fromloc.city_name I-fromloc.city_name O B-toloc.city_name O O O
B-fromloc.city_name O B-toloc.city_name O O O
B-fromloc.city_name O B-toloc.city_name I-toloc.city_name O O O
B-fromloc.city_name O B-toloc.city_name O O B-airline_name I-airline_name O O O
B-fromloc.city_name I-fromloc.city_name O B-toloc.city_name O O B-depart_date.month_name B-depart_date.day_number O O
B-fromloc.city_name O B-toloc.city_name I-toloc.city_name O O B-depart_date.month_name B-depart_date.day_number O O
B-fromloc.city_name I-fromloc.city_name O B-toloc.city_name O O O B-depart_date.month_name B-depart_date.day_number O O
B-fromloc.city_name O B-toloc.city_name I-toloc.city_name O O O B-depart_date.month_name B-depart_date.day_number O O
O B-fromloc.city_name O B-toloc.city_name O O O
O O O B-fromloc.city_name I-fromloc.city_name I-fromloc.city_name O B-toloc.city_name I-toloc.city_name I-toloc.city_name O B-depart_date.date_relative B-depart_date.day_name O O O O O O B-arrive_time.time I-arrive_time.time O B-arrive_time.time_relative O
O O O O O O B-fromloc.city_name O B-toloc.city_name I-toloc.city_name O O O O O O B-depart_date.day_name O B-depart_time.time I-depart_time.time O B-depart_time.time_relative O
O O O O B-airline_name O O O O O B-fromloc.city_name I-fromloc.city_name I-fromloc.city_name O B-toloc.city_name I-toloc.city_name O O O O B-depart_date.date_relative B-depart_date.day_name B-arrive_time.time I-arrive_time.time O B-arrive_time.time_relative O O
O B-fromloc.city_name O B-toloc.city_name O B-airline_name I-airline_name O O O O O O O B-arrive_time.time I-arrive_time.time O O
O B-depart_date.date_relative B-depart_date.day_name O B-fromloc.city_name I-fromloc.city_name O B-toloc.city_name O O O O
O O B-round_trip O O O B-fromloc.city_name I-fromloc.city_name O B-toloc.city_name B-depart_date.day_name O B-depart_date.month_name O O O B-arrive_time.time I-arrive_time.time O O
O O B-fromloc.city_name O B-toloc.city_name O O O O O O B-stoploc.city_name I-stoploc.city_name O O O
B-fromloc.city_name I-fromloc.city_name O B-toloc.city_name O O O O O O B-depart_date.day_name B-depart_time.period_of_day O
B-fromloc.city_name O B-toloc.city_name O O B-depart_date.day_name O O O O
B-fromloc.city_name O B-toloc.city_name I-toloc.city_name O O B-depart_date.day_name O O O O
B-fromloc.city_name O B-toloc.city_name I-toloc.city_name O O B-depart_date.day_name O O O O
B-fromloc.city_name I-fromloc.city_name O B-toloc.city_name O O B-depart_date.day_name O O
B-fromloc.city_name O B-toloc.city_name O O B-depart_date.day_name O O
B-fromloc.city_name O B-toloc.city_name O O B-depart_date.day_name O O
B-fromloc.city_name O B-toloc.city_name O B-airline_name I-airline_name O O O 30:B-depart_time.time I-depart_time.time O O O O
B-fromloc.city_name I-fromloc.city_name O B-toloc.city_name B-toloc.state_name O B-round_trip O O O B-stoploc.city_name I-stoploc.city_name O O O O O O B-fare_amount I-fare_amount O O O O B-depart_date.month_name B-depart_date.day_number B-depart_date.year O O
O B-depart_date.month_name B-depart_date.day_number O B-fromloc.city_name O B-toloc.city_name O O O
B-fromloc.city_name O B-toloc.city_name O O B-round_trip O O O B-stoploc.city_name O O O O O B-meal_description O B-depart_date.month_name B-depart_date.day_number O O
O B-fromloc.city_name O B-toloc.city_name O O O O O O
O B-fromloc.city_name O B-toloc.city_name O O O O
B-fromloc.city_name O B-city_name I-city_name O O O O
O O B-fromloc.city_name I-fromloc.city_name O B-toloc.city_name O O O O O
O O B-round_trip O O O B-fromloc.city_name O B-toloc.city_name O O O B-stoploc.city_name I-stoploc.city_name O O O
O B-numflight O B-toloc.city_name I-toloc.city_name O O O O O O
O O O O O O O O B-fromloc.city_name I-fromloc.city_name I-fromloc.city_name O B-toloc.city_name I-toloc.city_name O
O O O O O O O O B-fromloc.city_name O B-toloc.city_name I-toloc.city_name I-toloc.city_name O B-airline_name I-airline_name O B-depart_date.date_relative B-depart_date.day_name
O O O O O O B-fromloc.city_name O B-toloc.city_name I-toloc.city_name I-toloc.city_name O O O O O O O O O B-arrive_date.date_relative B-arrive_date.day_name B-arrive_time.time I-arrive_time.time O B-arrive_time.time_relative O O
O O O O O O B-fromloc.city_name O B-toloc.city_name I-toloc.city_name I-toloc.city_name O O O O O O O
O B-fromloc.city_name O B-toloc.city_name B-airline_name I-airline_name O O O O O O
O B-fromloc.city_name I-fromloc.city_name O B-toloc.city_name O B-round_trip O O O O O
O B-fromloc.city_name O B-toloc.city_name O O O
B-fromloc.city_name O B-toloc.city_name O O B-fare_amount I-fare_amount B-cost_relative I-cost_relative B-round_trip I-round_trip O B-fromloc.city_name O B-toloc.city_name O O B-fare_amount I-fare_amount B-cost_relative I-cost_relative B-round_trip I-round_trip O B-fromloc.city_name O B-toloc.city_name O O B-fare_amount I-fare_amount B-cost_relative I-cost_relative B-round_trip I-round_trip O
O B-fromloc.city_name O B-toloc.city_name O O B-cost_relative I-cost_relative B-round_trip I-round_trip O O
B-fromloc.city_name O B-toloc.city_name O O O O O O
O O O B-fromloc.city_name O B-toloc.city_name O B-round_trip I-round_trip O O O O O
B-fromloc.city_name O B-toloc.city_name O O B-class_type I-class_type O O O O
O B-fromloc.city_name O B-toloc.city_name O O B-economy O O
B-fromloc.city_name O B-toloc.city_name I-toloc.city_name O O O B-cost_relative I-cost_relative O O B-airline_name O O O O O
O B-fromloc.city_name O B-toloc.city_name O O B-round_trip I-round_trip O O O O B-fare_amount I-fare_amount O O O
O B-fromloc.city_name O B-toloc.city_name O O B-class_type I-class_type O O O O
O B-fromloc.city_name O B-toloc.city_name I-toloc.city_name O O O O
O B-flight_mod O B-fromloc.city_name O B-toloc.city_name O O B-class_type O
B-fromloc.city_name O B-toloc.city_name O O O B-depart_time.time_relative I-depart_time.time_relative I-depart_time.time_relative I-depart_time.time_relative O O O B-class_type O O O
O B-fromloc.city_name O B-toloc.city_name O O O O O
B-fromloc.city_name O B-toloc.city_name O O O O B-cost_relative O O B-arrive_date.month_name B-arrive_date.day_number O O O
O B-fromloc.city_name O B-toloc.city_name O O O B-cost_relative O O O O
O O O B-fromloc.city_name O B-toloc.city_name I-toloc.city_name O O B-cost_relative I-cost_relative B-round_trip O O O O
B-fromloc.city_name O B-toloc.city_name O O B-cost_relative I-cost_relative O O O
B-fromloc.city_name O B-toloc.city_name I-toloc.city_name O O B-airline_code B-flight_number O O O O
O O O B-fromloc.city_name O B-toloc.city_name I-toloc.city_name O O B-round_trip I-round_trip O O O O
O B-fromloc.city_name O B-toloc.city_name I-toloc.city_name O O O O O O O B-cost_relative I-cost_relative I-cost_relative I-cost_relative O O B-round_trip I-round_trip O
O B-fromloc.city_name O B-toloc.city_name O O B-cost_relative I-cost_relative O O
B-fromloc.city_name I-fromloc.city_name O B-toloc.city_name O O B-cost_relative I-cost_relative O O O
B-fromloc.city_name O B-toloc.city_name O O B-class_type O O
B-fromloc.city_name O B-toloc.city_name I-toloc.city_name O O B-airline_name O O O O
O B-fromloc.city_name O B-toloc.city_name O O O O O B-stoploc.city_name O O O O O O O
O B-fromloc.city_name O B-toloc.city_name O O B-cost_relative I-cost_relative B-round_trip O O O
B-airline_name I-airline_name O B-flight_number I-flight_number O B-fromloc.city_name O B-toloc.city_name I-toloc.city_name O O O O O O
B-fromloc.city_name O B-toloc.city_name O O B-class_type I-class_type B-round_trip I-round_trip O O
O B-fromloc.city_name O B-toloc.city_name O O B-cost_relative I-cost_relative B-round_trip O O
B-fromloc.city_name O B-toloc.city_name O O B-cost_relative I-cost_relative B-round_trip O O O
B-fromloc.city_name O B-toloc.city_name I-toloc.city_name O O B-class_type O O O O O
B-fromloc.city_name O B-toloc.city_name O O B-cost_relative B-round_trip O O
B-fromloc.city_name O B-toloc.airport_name I-toloc.airport_name O O O O O B-depart_date.date_relative B-depart_date.day_name O O O
B-fromloc.city_name O B-toloc.city_name O O O O O O
B-fromloc.city_name O B-toloc.city_name O O B-cost_relative I-cost_relative B-round_trip I-round_trip O O
B-fromloc.city_name O B-toloc.city_name O O B-cost_relative I-cost_relative B-class_type O O O
B-fromloc.city_name O B-toloc.city_name O O B-round_trip I-round_trip I-round_trip B-cost_relative I-cost_relative O O O
B-fromloc.city_name O B-toloc.city_name O O B-cost_relative I-cost_relative B-round_trip O O O
B-fromloc.city_name O B-toloc.city_name O O B-cost_relative I-cost_relative B-round_trip O O O
B-fromloc.city_name O B-toloc.city_name I-toloc.city_name O O B-class_type O O O O O O B-depart_date.day_name O O O
O B-fromloc.city_name O B-toloc.city_name O B-airline_name I-airline_name O B-cost_relative I-cost_relative B-class_type B-round_trip O O
O B-fromloc.city_name O B-toloc.city_name O O B-cost_relative I-cost_relative I-cost_relative I-cost_relative O O O O
O B-fromloc.city_name I-fromloc.city_name O B-toloc.city_name I-toloc.city_name I-toloc.city_name O O O B-cost_relative B-round_trip I-round_trip O O
B-fromloc.city_name I-fromloc.city_name O B-toloc.city_name O O B-depart_date.day_name B-depart_date.month_name B-depart_date.day_number O O O O B-cost_relative B-round_trip O O O
B-fromloc.city_name O B-toloc.city_name O O O B-cost_relative B-round_trip I-round_trip O O O
O B-fromloc.city_name O B-toloc.city_name I-toloc.city_name O O B-airfare O
O B-fare_code I-fare_code O
B-fromloc.city_name O B-toloc.city_name B-fromloc.city_name O B-toloc.city_name O B-fromloc.city_name O B-toloc.city_name O O B-round_trip I-round_trip O O B-fare_amount I-fare_amount O O O O
B-fromloc.city_name O B-toloc.city_name O O B-round_trip I-round_trip O O O B-cost_relative I-cost_relative I-cost_relative I-cost_relative O
B-fromloc.city_name O B-toloc.city_name O O B-cost_relative I-cost_relative O O O O O B-stoploc.city_name O O O O O
B-fromloc.city_name I-fromloc.city_name O B-toloc.city_name O O B-cost_relative I-cost_relative B-round_trip O B-depart_date.day_number B-depart_date.month_name B-depart_date.year O O O
O B-fromloc.city_name O B-toloc.city_name O B-round_trip O B-airline_name B-airline_name B-airline_name I-airline_name O B-airline_name I-airline_name O O
B-fromloc O B-toloc O B-airline O O O O O O
B-fromloc O B-toloc I-toloc O B-trip_type B-airline O O O O O
B-fromloc.city_name I-fromloc.city_name O B-toloc.city_name O O B-cost_relative I-cost_relative O O O
B-fromloc.city_name I-fromloc.city_name O B-toloc.city_name O O B-cost_relative I-cost_relative O O O
B-fromloc.city_name O B-toloc.city_name I-toloc.city_name O O B-cost_relative I-cost_relative O O O
O O B-fromloc.city_name O B-toloc.city_name O O O O O O O O
O B-depart_date.day_name O B-fromloc.city_name O B-toloc.city_name O O O O O O
O B-fromloc.city_name O B-toloc.city_name O O O O O O O B-depart_date.day_name O O O
B-fromloc.city_name O B-toloc.city_name O O O O
B-fromloc.city_name O B-toloc.city_name O O B-depart_date.day_name O O O
B-fromloc.city_name O B-toloc.city_name O O O O
B-fromloc.city_name O B-toloc.city_name O O B-depart_date.day_name O O O
B-fromloc.city_name O B-toloc.city_name O O B-depart_date.day_name O O O
B-fromloc.city_name O B-toloc.city_name O O B-depart_date.day_name O O O
O B-depart_date.day_name O O O O O O O O O B-fromloc.city_name O B-toloc.city_name I-toloc.city_name I-toloc.city_name O O B-depart_time.time I-depart_time.time O B-depart_time.time_relative O,
O B-depart_date.day_name O O B-fromloc.city_name O B-toloc.city_name I-toloc.city_name I-toloc.city_name O O O O O O O O B-depart_time.time I-depart_time.time O B-depart_time.time_relative O,
O B-fromloc.city_name O B-toloc.city_name O O O O
O B-fromloc.city_name B-fromloc.state_name O B-toloc.city_name O O O O
O B-fromloc.city_name O B-toloc.city_name B-round_trip I-round_trip I-round_trip O O O O B-depart_date.day_name B-depart_time.period_of_day O B-depart_date.day_name B-depart_time.period_of_day
B-fromloc.city_name O B-toloc.city_name I-toloc.city_name O O B-class_type I-class_type B-round_trip I-round_trip O O
B-fromloc.city_name O B-toloc.city_name I-toloc.city_name O O B-class_type B-round_trip I-round_trip O O
B-fromloc.city_name O B-toloc.city_name O O B-depart_date.date_relative B-depart_date.day_name O B-round_trip I-round_trip O O O O
B-fromloc.city_name O B-toloc.city_name O O B-depart_date.date_relative B-depart_date.day_name O O O
B-fromloc.city_name O B-toloc.city_name O O B-depart_date.month_name O O O O B-round_trip I-round_trip O O
B-fromloc.city_name O B-toloc.city_name O O B-depart_date.month_name O O O O B-round_trip I-round_trip O O
O B-fromloc.city_name O B-toloc.city_name O B-cost_relative B-fare_amount O O O O O
B-fromloc.city_name O B-toloc.city_name O O B-class_type O O O O O
B-fromloc.city_name O B-toloc.city_name B-depart_date.month_name O O B-cost_relative I-cost_relative O O
B-fromloc.city_name O B-toloc.city_name B-depart_date.month_name O O O O B-round_trip I-round_trip O O
B-fromloc.city_name O B-toloc.city_name B-toloc.state_code O O O O O O O
B-fromloc.city_name O B-toloc.city_name I-toloc.city_name I-toloc.city_name O B-cost_relative I-cost_relative O O O
B-fromloc.city_name B-fromloc.state_code O B-toloc.city_name I-toloc.city_name I-toloc.city_name O B-cost_relative I-cost_relative O O O
B-fromloc.airport_code O B-toloc.city_name I-toloc.city_name I-toloc.city_name O B-cost_relative I-cost_relative O O O
B-fromloc.city_name O B-toloc.city_name I-toloc.city_name O O B-class_type O O O O
B-fromloc.city_name O B-toloc.city_name I-toloc.city_name O O B-cost_relative I-cost_relative O O
B-airline_code O O B-class_type I-class_type O O O O
O O O O
O O O O B-fromloc.city_name O B-toloc.city_name O O B-flight_stop O O
O B-flight_stop O B-fromloc.city_name O B-toloc.city_name O B-arrive_date.day_number B-arrive_date.month_name O O O
B-fromloc.city_name I-fromloc.city_name O B-toloc.city_name O O B-depart_date.day_number B-depart_date.month_name O O O O
B-economy I-economy O O O O O O
B-airline_name O B-class_type O O O O O O
B-fromloc.city_name O B-toloc.city_name O O O B-round_trip I-round_trip O O O O O
B-toloc.airport_name I-toloc.airport_name I-toloc.airport_name O O O O O
B-airline_name O O O O B-class_type O O O O O O O O O
B-fromloc.city_name O B-toloc.city_name I-toloc.city_name O O O O O O O O B-depart_time.time_relative I-depart_time.time_relative O O O O
B-airline_name O O B-depart_date.today_relative O O O O O O B-class_type B-class_type O O
B-airline_name O O B-class_type O O O B-fare_basis_code O O O O
B-fromloc.city_name O B-toloc.city_name O O B-depart_date.month_name B-depart_date.day_number O O O O O
B-city_name O O B-airport O
O O O O O O O B-fromloc.city_name I-fromloc.city_name O B-airline_name I-airline_name O O O O
B-fromloc.city_name I-fromloc.city_name O B-toloc.city_name I-toloc.city_name O B-stoploc.city_name O O O O O O O
B-fromloc.city_name O B-toloc.city_name I-toloc.city_name O B-airline_name B-flight_number O O O O O
O O B-class_type I-class_type O O
B-airline_name I-airline_name O B-class_type I-class_type O O O O O O O O O O
B-airline_name O O O O B-class_type O O O
B-airline_name O B-class_type I-class_type O O O O O O O O O
B-fromloc.city_name O O B-airline_name O O O
B-airline_code O B-class_type O O O O O O
B-depart_date.day_name B-airline_name O O O B-class_type O O
B-flight_days I-flight_days B-fromloc.city_name O B-toloc.city_name O O O B-airline_name I-airline_name O O O
B-toloc.city_name I-toloc.city_name O O B-airline_name O O O O
O O O B-fromloc.city_name O B-toloc.city_name I-toloc.city_name I-toloc.city_name O O B-depart_time.period_of_day B-depart_time.time I-depart_time.time O B-depart_time.time_relative O O O
O B-airline_name O O B-class_type O O O O O O O
B-airline_name I-airline_name O O O O O O O O O
B-fromloc.city_name O B-toloc.city_name O B-depart_time.period_of_day O O O O
O B-airline_name I-airline_name I-airline_name O B-aircraft_code O O O O O
O B-airline_name I-airline_name I-airline_name O O B-aircraft_code O O O O
O B-airline_name I-airline_name O O B-aircraft_code O O O O